<?xml version="1.0" encoding="UTF-8"?>
<!-- Generated by org.testng.reporters.JUnitReportReporter -->
<testsuite hostname="RAVVE01-8X5MQ12" name="com.ca.test.TestClass" tests="1" failures="0" timestamp="6 Sep 2018 13:33:37 GMT" time="0.001" errors="0">
  <testcase name="test2" time="0.001" classname="com.ca.test.TestClass"/>
</testsuite> <!-- com.ca.test.TestClass -->
