<?xml version="1.0" encoding="UTF-8"?>
<!-- Generated by org.testng.reporters.JUnitReportReporter -->
<testsuite hostname="RAVVE01-8X5MQ12" name="com.ca.test.EvenNumTest" tests="1" failures="0" timestamp="6 Sep 2018 13:33:37 GMT" time="0.016" errors="0">
  <testcase name="test1" time="0.016" classname="com.ca.test.EvenNumTest"/>
</testsuite> <!-- com.ca.test.EvenNumTest -->
